<?xml version="1.0" encoding="UTF-8"?>
<testng-results ignored="0" total="1" passed="1" failed="0" skipped="0">
  <reporter-output>
  </reporter-output>
  <suite started-at="2021-07-31T02:06:30 EDT" name="Default suite" finished-at="2021-07-31T02:06:31 EDT" duration-ms="833">
    <groups>
    </groups>
    <test started-at="2021-07-31T02:06:30 EDT" name="Default test" finished-at="2021-07-31T02:06:31 EDT" duration-ms="833">
      <class name="com.qa.tests.GET_Test">
        <test-method is-config="true" signature="beforeMethod()[pri:0, instance:com.qa.tests.GET_Test@4f67eb2a]" started-at="2021-07-31T02:06:30 EDT" name="beforeMethod" finished-at="2021-07-31T02:06:30 EDT" duration-ms="5" status="PASS">
          <reporter-output>
          </reporter-output>
        </test-method> <!-- beforeMethod -->
        <test-method signature="getTest()[pri:0, instance:com.qa.tests.GET_Test@4f67eb2a]" started-at="2021-07-31T02:06:30 EDT" name="getTest" finished-at="2021-07-31T02:06:31 EDT" duration-ms="785" status="PASS">
          <reporter-output>
          </reporter-output>
        </test-method> <!-- getTest -->
      </class> <!-- com.qa.tests.GET_Test -->
    </test> <!-- Default test -->
  </suite> <!-- Default suite -->
</testng-results>
